{
  "validation_template": "bug",
  "card_id": "8ny6qr",
  "validation_timestamp": "2026-03-15T22:54:24.154101+00:00",
  "validation_errors": {
    "missing_sections": [
      {
        "section_name": "Bug Overview & Context",
        "message": "Required section '## Bug Overview & Context' not found"
      }
    ],
    "missing_checkboxes_count": 4,
    "missing_checkboxes": [
      {
        "text": "Ticket/Issue ID is linked above",
        "section": "Bug Overview & Context",
        "optional": false,
        "line_number": 31
      },
      {
        "text": "Component/Service is clearly identified",
        "section": "Bug Overview & Context",
        "optional": false,
        "line_number": 32
      },
      {
        "text": "Severity level is assigned based on impact",
        "section": "Bug Overview & Context",
        "optional": false,
        "line_number": 33
      },
      {
        "text": "100% - Always reproduces",
        "section": "# Reproduction Rate",
        "optional": false,
        "line_number": 60
      },
      {
        "text": "75% - Usually reproduces",
        "section": "# Reproduction Rate",
        "optional": false,
        "line_number": 61
      },
      {
        "text": "50% - Sometimes reproduces",
        "section": "# Reproduction Rate",
        "optional": false,
        "line_number": 62
      },
      {
        "text": "25% - Rarely reproduces",
        "section": "# Reproduction Rate",
        "optional": false,
        "line_number": 63
      },
      {
        "text": "Cannot reproduce consistently",
        "section": "# Reproduction Rate",
        "optional": false,
        "line_number": 64
      },
      {
        "text": "Original bug is no longer reproducible",
        "section": "# Verification Checklist",
        "optional": false,
        "line_number": 325
      },
      {
        "text": "All new tests pass",
        "section": "# Verification Checklist",
        "optional": false,
        "line_number": 326
      },
      {
        "text": "All existing tests still pass (no regressions)",
        "section": "# Verification Checklist",
        "optional": false,
        "line_number": 327
      },
      {
        "text": "Code review completed and approved",
        "section": "# Verification Checklist",
        "optional": false,
        "line_number": 328
      },
      {
        "text": "Documentation updated",
        "section": "# Verification Checklist",
        "optional": false,
        "line_number": 329
      },
      {
        "text": "Staging environment verification complete",
        "section": "# Verification Checklist",
        "optional": false,
        "line_number": 330
      },
      {
        "text": "Production environment verification complete",
        "section": "# Verification Checklist",
        "optional": false,
        "line_number": 331
      },
      {
        "text": "Monitoring shows healthy metrics (no new errors)",
        "section": "# Verification Checklist",
        "optional": false,
        "line_number": 332
      },
      {
        "text": "**Automated Test:** Unit test added for the specific bug scenario",
        "section": "Regression Prevention",
        "optional": false,
        "line_number": 340
      },
      {
        "text": "**Integration Test:** End-to-end test added for the affected workflow",
        "section": "Regression Prevention",
        "optional": false,
        "line_number": 341
      },
      {
        "text": "**Code Review Checklist:** Updated team code review checklist to include this type of check",
        "section": "Regression Prevention",
        "optional": false,
        "line_number": 344
      },
      {
        "text": "**Monitoring/Alerting:** Added monitoring alert for similar errors (e.g., 500 errors on `/api/payments/process`)",
        "section": "Regression Prevention",
        "optional": false,
        "line_number": 345
      },
      {
        "text": "**Documentation:** Updated development guide with lessons learned",
        "section": "Regression Prevention",
        "optional": false,
        "line_number": 346
      },
      {
        "text": "Root cause is fully understood and documented",
        "section": "# Completion Checklist",
        "optional": false,
        "line_number": 373
      },
      {
        "text": "Fix follows TDD process (failing test \u2192 fix \u2192 passing test)",
        "section": "# Completion Checklist",
        "optional": false,
        "line_number": 374
      },
      {
        "text": "All tests pass (unit, integration, regression)",
        "section": "# Completion Checklist",
        "optional": false,
        "line_number": 375
      },
      {
        "text": "Documentation updated (DaC - Documentation as Code)",
        "section": "# Completion Checklist",
        "optional": false,
        "line_number": 376
      },
      {
        "text": "No manual infrastructure changes",
        "section": "# Completion Checklist",
        "optional": false,
        "line_number": 377
      },
      {
        "text": "Deployed and verified",
        "section": "# Completion Checklist",
        "optional": false,
        "line_number": 378
      },
      {
        "text": "Monitoring confirms fix is working (no new errors)",
        "section": "# Completion Checklist",
        "optional": false,
        "line_number": 379
      },
      {
        "text": "Regression prevention measures added (tests, types, alerts)",
        "section": "# Completion Checklist",
        "optional": false,
        "line_number": 380
      },
      {
        "text": "Postmortem completed (if required for P0/P1)",
        "section": "# Completion Checklist",
        "optional": false,
        "line_number": 381
      },
      {
        "text": "Follow-up tickets created for related issues",
        "section": "# Completion Checklist",
        "optional": false,
        "line_number": 382
      },
      {
        "text": "Associated ticket is closed",
        "section": "# Completion Checklist",
        "optional": false,
        "line_number": 383
      }
    ],
    "missing_tables": [
      "Environment Aspect|Required|Value|Notes",
      "Impact Category|Severity|Details",
      "Item|Applicable|File / Location|Notes / Evidence|Key Findings / Action Required",
      "Iteration #|Hypothesis|Test/Action Taken|Outcome / Findings",
      "Step|Status/Details|Universal Check",
      "Test Type|Test Case|Expected Result|Status",
      "Task|Detail/Link",
      "Topic|Action Required|Tracker|Gitban Cards"
    ]
  },
  "suggestions": [
    "append_card('8ny6qr', '* [ ] Ticket/Issue ID is linked above', heading='Bug Overview & Context')",
    "append_card('8ny6qr', '* [ ] Component/Service is clearly identified', heading='Bug Overview & Context')",
    "append_card('8ny6qr', '* [ ] Severity level is assigned based on impact', heading='Bug Overview & Context')",
    "append_card('8ny6qr', '* [ ] 100% - Always reproduces', heading='# Reproduction Rate')",
    "append_card('8ny6qr', '* [ ] 75% - Usually reproduces', heading='# Reproduction Rate')",
    "append_card('8ny6qr', '## Bug Overview & Context\\n\\n[Add content here]')"
  ],
  "formatted_message": "[VALIDATION ERROR] Card validation failed\n\nTemplate: bug\nCard ID: 8ny6qr\nTotal Issues: 41\n\n======================================================================\n\n=== MISSING CHECKBOXES (32) ===\n\nMissing checkbox #1:\n  Expected text: Ticket/Issue ID is linked above\n  Expected location: Under '## Bug Overview & Context' section\n\n  FIX: Use append_card() to add:\n  * [ ] Ticket/Issue ID is linked above\n\nMissing checkbox #2:\n  Expected text: Component/Service is clearly identified\n  Expected location: Under '## Bug Overview & Context' section\n\n  FIX: Use append_card() to add:\n  * [ ] Component/Service is clearly identified\n\nMissing checkbox #3:\n  Expected text: Severity level is assigned based on impact\n  Expected location: Under '## Bug Overview & Context' section\n\n  FIX: Use append_card() to add:\n  * [ ] Severity level is assigned based on impact\n\nMissing checkbox #4:\n  Expected text: 100% - Always reproduces\n  Expected location: Under '## # Reproduction Rate' section\n\n  FIX: Use append_card() to add:\n  * [ ] 100% - Always reproduces\n\nMissing checkbox #5:\n  Expected text: 75% - Usually reproduces\n  Expected location: Under '## # Reproduction Rate' section\n\n  FIX: Use append_card() to add:\n  * [ ] 75% - Usually reproduces\n\nMissing checkbox #6:\n  Expected text: 50% - Sometimes reproduces\n  Expected location: Under '## # Reproduction Rate' section\n\n  FIX: Use append_card() to add:\n  * [ ] 50% - Sometimes reproduces\n\nMissing checkbox #7:\n  Expected text: 25% - Rarely reproduces\n  Expected location: Under '## # Reproduction Rate' section\n\n  FIX: Use append_card() to add:\n  * [ ] 25% - Rarely reproduces\n\nMissing checkbox #8:\n  Expected text: Cannot reproduce consistently\n  Expected location: Under '## # Reproduction Rate' section\n\n  FIX: Use append_card() to add:\n  * [ ] Cannot reproduce consistently\n\nMissing checkbox #9:\n  Expected text: Original bug is no longer reproducible\n  Expected location: Under '## # Verification Checklist' section\n\n  FIX: Use append_card() to add:\n  * [ ] Original bug is no longer reproducible\n\nMissing checkbox #10:\n  Expected text: All new tests pass\n  Expected location: Under '## # Verification Checklist' section\n\n  FIX: Use append_card() to add:\n  * [ ] All new tests pass\n\nMissing checkbox #11:\n  Expected text: All existing tests still pass (no regressions)\n  Expected location: Under '## # Verification Checklist' section\n\n  FIX: Use append_card() to add:\n  * [ ] All existing tests still pass (no regressions)\n\nMissing checkbox #12:\n  Expected text: Code review completed and approved\n  Expected location: Under '## # Verification Checklist' section\n\n  FIX: Use append_card() to add:\n  * [ ] Code review completed and approved\n\nMissing checkbox #13:\n  Expected text: Documentation updated\n  Expected location: Under '## # Verification Checklist' section\n\n  FIX: Use append_card() to add:\n  * [ ] Documentation updated\n\nMissing checkbox #14:\n  Expected text: Staging environment verification complete\n  Expected location: Under '## # Verification Checklist' section\n\n  FIX: Use append_card() to add:\n  * [ ] Staging environment verification complete\n\nMissing checkbox #15:\n  Expected text: Production environment verification complete\n  Expected location: Under '## # Verification Checklist' section\n\n  FIX: Use append_card() to add:\n  * [ ] Production environment verification complete\n\nMissing checkbox #16:\n  Expected text: Monitoring shows healthy metrics (no new errors)\n  Expected location: Under '## # Verification Checklist' section\n\n  FIX: Use append_card() to add:\n  * [ ] Monitoring shows healthy metrics (no new errors)\n\nMissing checkbox #17:\n  Expected text: **Automated Test:** Unit test added for the specific bug scenario\n  Expected location: Under '## Regression Prevention' section\n\n  FIX: Use append_card() to add:\n  * [ ] **Automated Test:** Unit test added for the specific bug scenario\n\nMissing checkbox #18:\n  Expected text: **Integration Test:** End-to-end test added for the affected workflow\n  Expected location: Under '## Regression Prevention' section\n\n  FIX: Use append_card() to add:\n  * [ ] **Integration Test:** End-to-end test added for the affected workflow\n\nMissing checkbox #19:\n  Expected text: **Code Review Checklist:** Updated team code review checklist to include this type of check\n  Expected location: Under '## Regression Prevention' section\n\n  FIX: Use append_card() to add:\n  * [ ] **Code Review Checklist:** Updated team code review checklist to include this type of check\n\nMissing checkbox #20:\n  Expected text: **Monitoring/Alerting:** Added monitoring alert for similar errors (e.g., 500 errors on `/api/payments/process`)\n  Expected location: Under '## Regression Prevention' section\n\n  FIX: Use append_card() to add:\n  * [ ] **Monitoring/Alerting:** Added monitoring alert for similar errors (e.g., 500 errors on `/api/payments/process`)\n\nMissing checkbox #21:\n  Expected text: **Documentation:** Updated development guide with lessons learned\n  Expected location: Under '## Regression Prevention' section\n\n  FIX: Use append_card() to add:\n  * [ ] **Documentation:** Updated development guide with lessons learned\n\nMissing checkbox #22:\n  Expected text: Root cause is fully understood and documented\n  Expected location: Under '## # Completion Checklist' section\n\n  FIX: Use append_card() to add:\n  * [ ] Root cause is fully understood and documented\n\nMissing checkbox #23:\n  Expected text: Fix follows TDD process (failing test \u2192 fix \u2192 passing test)\n  Expected location: Under '## # Completion Checklist' section\n\n  FIX: Use append_card() to add:\n  * [ ] Fix follows TDD process (failing test \u2192 fix \u2192 passing test)\n\nMissing checkbox #24:\n  Expected text: All tests pass (unit, integration, regression)\n  Expected location: Under '## # Completion Checklist' section\n\n  FIX: Use append_card() to add:\n  * [ ] All tests pass (unit, integration, regression)\n\nMissing checkbox #25:\n  Expected text: Documentation updated (DaC - Documentation as Code)\n  Expected location: Under '## # Completion Checklist' section\n\n  FIX: Use append_card() to add:\n  * [ ] Documentation updated (DaC - Documentation as Code)\n\nMissing checkbox #26:\n  Expected text: No manual infrastructure changes\n  Expected location: Under '## # Completion Checklist' section\n\n  FIX: Use append_card() to add:\n  * [ ] No manual infrastructure changes\n\nMissing checkbox #27:\n  Expected text: Deployed and verified\n  Expected location: Under '## # Completion Checklist' section\n\n  FIX: Use append_card() to add:\n  * [ ] Deployed and verified\n\nMissing checkbox #28:\n  Expected text: Monitoring confirms fix is working (no new errors)\n  Expected location: Under '## # Completion Checklist' section\n\n  FIX: Use append_card() to add:\n  * [ ] Monitoring confirms fix is working (no new errors)\n\nMissing checkbox #29:\n  Expected text: Regression prevention measures added (tests, types, alerts)\n  Expected location: Under '## # Completion Checklist' section\n\n  FIX: Use append_card() to add:\n  * [ ] Regression prevention measures added (tests, types, alerts)\n\nMissing checkbox #30:\n  Expected text: Postmortem completed (if required for P0/P1)\n  Expected location: Under '## # Completion Checklist' section\n\n  FIX: Use append_card() to add:\n  * [ ] Postmortem completed (if required for P0/P1)\n\nMissing checkbox #31:\n  Expected text: Follow-up tickets created for related issues\n  Expected location: Under '## # Completion Checklist' section\n\n  FIX: Use append_card() to add:\n  * [ ] Follow-up tickets created for related issues\n\nMissing checkbox #32:\n  Expected text: Associated ticket is closed\n  Expected location: Under '## # Completion Checklist' section\n\n  FIX: Use append_card() to add:\n  * [ ] Associated ticket is closed\n\n======================================================================\n\n=== MISSING SECTIONS (1) ===\n\nMissing section #1:\n  Expected heading: ## Bug Overview & Context\n\n  FIX: Use append_card() to add:\n  ## Bug Overview & Context\n\n======================================================================\n\n=== MISSING TABLES (8) ===\n\nMissing table #1:\n  Expected headers: Environment Aspect|Required|Value|Notes\n\nMissing table #2:\n  Expected headers: Impact Category|Severity|Details\n\nMissing table #3:\n  Expected headers: Item|Applicable|File / Location|Notes / Evidence|Key Findings / Action Required\n\nMissing table #4:\n  Expected headers: Iteration #|Hypothesis|Test/Action Taken|Outcome / Findings\n\nMissing table #5:\n  Expected headers: Step|Status/Details|Universal Check\n\nMissing table #6:\n  Expected headers: Test Type|Test Case|Expected Result|Status\n\nMissing table #7:\n  Expected headers: Task|Detail/Link\n\nMissing table #8:\n  Expected headers: Topic|Action Required|Tracker|Gitban Cards\n\n======================================================================\n\nACTION REQUIRED:\n1. Read current content: read_card('8ny6qr')\n2. Add missing checkboxes:\n   append_card('8ny6qr', '* [ ] Ticket/Issue ID is linked above', heading='Bug Overview & Context')\n   append_card('8ny6qr', '* [ ] Component/Service is clearly identified', heading='Bug Overview & Context')\n   append_card('8ny6qr', '* [ ] Severity level is assigned based on impact', heading='Bug Overview & Context')\n   ... and 29 more\n3. Add missing sections using append_card('8ny6qr', '## Section Name')\n4. Retry promotion: move_to_todo('8ny6qr')\n",
  "next_steps": [
    "1. Read validation errors above",
    "2. Read current content: read_card('8ny6qr')",
    "3. Fix content using suggested commands",
    "4. Retry promotion: move_to_todo('8ny6qr')"
  ]
}