{
  "validation_template": "chore-basic",
  "card_id": "wqlobl",
  "validation_timestamp": "2026-03-15T22:51:17.652649+00:00",
  "validation_errors": {
    "missing_sections": [
      {
        "section_name": "Task Overview",
        "message": "Required section '## Task Overview' not found"
      }
    ],
    "missing_checkboxes": [
      {
        "text": "**Task description** clearly states what needs to be done.",
        "section": "Task Overview",
        "optional": false,
        "line_number": 32
      },
      {
        "text": "**Motivation** explains why this work is necessary.",
        "section": "Task Overview",
        "optional": false,
        "line_number": 33
      },
      {
        "text": "**Scope** defines what will be changed.",
        "section": "Task Overview",
        "optional": false,
        "line_number": 34
      },
      {
        "text": "All planned changes are implemented.",
        "section": "# Completion Checklist",
        "optional": false,
        "line_number": 93
      },
      {
        "text": "Changes are tested/verified (tests pass, configs work, etc.).",
        "section": "# Completion Checklist",
        "optional": false,
        "line_number": 94
      },
      {
        "text": "Documentation is updated (CHANGELOG, README, etc.) if applicable.",
        "section": "# Completion Checklist",
        "optional": false,
        "line_number": 95
      },
      {
        "text": "Changes are reviewed (self-review or peer review as appropriate).",
        "section": "# Completion Checklist",
        "optional": false,
        "line_number": 96
      },
      {
        "text": "Pull request is merged or changes are committed.",
        "section": "# Completion Checklist",
        "optional": false,
        "line_number": 97
      },
      {
        "text": "Follow-up tickets created for related work identified during execution.",
        "section": "# Completion Checklist",
        "optional": false,
        "line_number": 98
      }
    ],
    "missing_tables": [
      "Step|Status/Details|Universal Check",
      "Task|Detail/Link",
      "Topic|Status / Action Required"
    ]
  },
  "suggestions": [
    "append_card('wqlobl', '* [ ] **Task description** clearly states what needs to be done.', heading='Task Overview')",
    "append_card('wqlobl', '* [ ] **Motivation** explains why this work is necessary.', heading='Task Overview')",
    "append_card('wqlobl', '* [ ] **Scope** defines what will be changed.', heading='Task Overview')",
    "append_card('wqlobl', '* [ ] All planned changes are implemented.', heading='# Completion Checklist')",
    "append_card('wqlobl', '* [ ] Changes are tested/verified (tests pass, configs work, etc.).', heading='# Completion Checklist')",
    "append_card('wqlobl', '## Task Overview\\n\\n[Add content here]')"
  ],
  "formatted_message": "[VALIDATION ERROR] Card validation failed\n\nTemplate: chore-basic\nCard ID: wqlobl\nTotal Issues: 13\n\n======================================================================\n\n=== MISSING CHECKBOXES (9) ===\n\nMissing checkbox #1:\n  Expected text: **Task description** clearly states what needs to be done.\n  Expected location: Under '## Task Overview' section\n\n  FIX: Use append_card() to add:\n  * [ ] **Task description** clearly states what needs to be done.\n\nMissing checkbox #2:\n  Expected text: **Motivation** explains why this work is necessary.\n  Expected location: Under '## Task Overview' section\n\n  FIX: Use append_card() to add:\n  * [ ] **Motivation** explains why this work is necessary.\n\nMissing checkbox #3:\n  Expected text: **Scope** defines what will be changed.\n  Expected location: Under '## Task Overview' section\n\n  FIX: Use append_card() to add:\n  * [ ] **Scope** defines what will be changed.\n\nMissing checkbox #4:\n  Expected text: All planned changes are implemented.\n  Expected location: Under '## # Completion Checklist' section\n\n  FIX: Use append_card() to add:\n  * [ ] All planned changes are implemented.\n\nMissing checkbox #5:\n  Expected text: Changes are tested/verified (tests pass, configs work, etc.).\n  Expected location: Under '## # Completion Checklist' section\n\n  FIX: Use append_card() to add:\n  * [ ] Changes are tested/verified (tests pass, configs work, etc.).\n\nMissing checkbox #6:\n  Expected text: Documentation is updated (CHANGELOG, README, etc.) if applicable.\n  Expected location: Under '## # Completion Checklist' section\n\n  FIX: Use append_card() to add:\n  * [ ] Documentation is updated (CHANGELOG, README, etc.) if applicable.\n\nMissing checkbox #7:\n  Expected text: Changes are reviewed (self-review or peer review as appropriate).\n  Expected location: Under '## # Completion Checklist' section\n\n  FIX: Use append_card() to add:\n  * [ ] Changes are reviewed (self-review or peer review as appropriate).\n\nMissing checkbox #8:\n  Expected text: Pull request is merged or changes are committed.\n  Expected location: Under '## # Completion Checklist' section\n\n  FIX: Use append_card() to add:\n  * [ ] Pull request is merged or changes are committed.\n\nMissing checkbox #9:\n  Expected text: Follow-up tickets created for related work identified during execution.\n  Expected location: Under '## # Completion Checklist' section\n\n  FIX: Use append_card() to add:\n  * [ ] Follow-up tickets created for related work identified during execution.\n\n======================================================================\n\n=== MISSING SECTIONS (1) ===\n\nMissing section #1:\n  Expected heading: ## Task Overview\n\n  FIX: Use append_card() to add:\n  ## Task Overview\n\n======================================================================\n\n=== MISSING TABLES (3) ===\n\nMissing table #1:\n  Expected headers: Step|Status/Details|Universal Check\n\nMissing table #2:\n  Expected headers: Task|Detail/Link\n\nMissing table #3:\n  Expected headers: Topic|Status / Action Required\n\n======================================================================\n\nACTION REQUIRED:\n1. Read current content: read_card('wqlobl')\n2. Add missing checkboxes:\n   append_card('wqlobl', '* [ ] **Task description** clearly states what needs to be done.', heading='Task Overview')\n   append_card('wqlobl', '* [ ] **Motivation** explains why this work is necessary.', heading='Task Overview')\n   append_card('wqlobl', '* [ ] **Scope** defines what will be changed.', heading='Task Overview')\n   ... and 6 more\n3. Add missing sections using append_card('wqlobl', '## Section Name')\n4. Retry promotion: move_to_todo('wqlobl')\n",
  "next_steps": [
    "1. Read validation errors above",
    "2. Read current content: read_card('wqlobl')",
    "3. Fix content using suggested commands",
    "4. Retry promotion: move_to_todo('wqlobl')"
  ]
}