{
  "validation_template": "chore",
  "card_id": "yfsfs9",
  "validation_timestamp": "2026-03-15T20:23:44.946156+00:00",
  "validation_errors": {
    "missing_checkboxes": [
      {
        "text": "Sprint/Release is identified above.",
        "section": "Cleanup Scope & Context",
        "optional": false,
        "line_number": 26
      },
      {
        "text": "Primary feature work that generated this cleanup is documented.",
        "section": "Cleanup Scope & Context",
        "optional": false,
        "line_number": 27
      },
      {
        "text": "Reviewed commit messages for \"TODO\" and \"FIXME\" comments added during sprint.",
        "section": "Deferred Work Review",
        "optional": false,
        "line_number": 35
      },
      {
        "text": "Reviewed PR comments for \"out of scope\" or \"follow-up needed\" discussions.",
        "section": "Deferred Work Review",
        "optional": false,
        "line_number": 36
      },
      {
        "text": "Reviewed code for new TODO/FIXME markers (grep for them).",
        "section": "Deferred Work Review",
        "optional": false,
        "line_number": 37
      },
      {
        "text": "Checked team chat/standup notes for deferred items.",
        "section": "Deferred Work Review",
        "optional": false,
        "line_number": 38
      },
      {
        "text": "All P0 items are complete and verified.",
        "section": "# Completion Checklist",
        "optional": false,
        "line_number": 174
      },
      {
        "text": "All P1 items are complete or have follow-up tickets created.",
        "section": "# Completion Checklist",
        "optional": false,
        "line_number": 175
      },
      {
        "text": "P2 items are complete or explicitly deferred with tickets.",
        "section": "# Completion Checklist",
        "optional": false,
        "line_number": 176
      },
      {
        "text": "All tests are passing (unit, integration, and regression).",
        "section": "# Completion Checklist",
        "optional": false,
        "line_number": 177
      },
      {
        "text": "No new linter warnings or errors introduced.",
        "section": "# Completion Checklist",
        "optional": false,
        "line_number": 178
      },
      {
        "text": "All documentation updates are complete and reviewed.",
        "section": "# Completion Checklist",
        "optional": false,
        "line_number": 179
      },
      {
        "text": "Code changes (if any) are reviewed and merged.",
        "section": "# Completion Checklist",
        "optional": false,
        "line_number": 180
      },
      {
        "text": "Follow-up tickets are created and prioritized for next sprint.",
        "section": "# Completion Checklist",
        "optional": false,
        "line_number": 181
      },
      {
        "text": "Team retrospective includes discussion of cleanup backlog (if significant).",
        "section": "# Completion Checklist",
        "optional": false,
        "line_number": 182
      }
    ],
    "missing_tables": [
      "Cleanup Category|Specific Item / Location|Priority|Justification for Cleanup",
      "Verification Task|Status / Evidence",
      "Topic|Status / Action Required"
    ],
    "placeholder_title": {
      "message": "Title is still the placeholder 'step 3 CI workflow update and test suite integration'. Please change it to your actual title."
    }
  },
  "suggestions": [
    "append_card('yfsfs9', '* [ ] Sprint/Release is identified above.', heading='Cleanup Scope & Context')",
    "append_card('yfsfs9', '* [ ] Primary feature work that generated this cleanup is documented.', heading='Cleanup Scope & Context')",
    "append_card('yfsfs9', '* [ ] Reviewed commit messages for \"TODO\" and \"FIXME\" comments added during sprint.', heading='Deferred Work Review')",
    "append_card('yfsfs9', '* [ ] Reviewed PR comments for \"out of scope\" or \"follow-up needed\" discussions.', heading='Deferred Work Review')",
    "append_card('yfsfs9', '* [ ] Reviewed code for new TODO/FIXME markers (grep for them).', heading='Deferred Work Review')"
  ],
  "formatted_message": "[VALIDATION ERROR] Card validation failed\n\nTemplate: chore\nCard ID: yfsfs9\nTotal Issues: 18\n\n======================================================================\n\n=== MISSING CHECKBOXES (15) ===\n\nMissing checkbox #1:\n  Expected text: Sprint/Release is identified above.\n  Expected location: Under '## Cleanup Scope & Context' section\n\n  FIX: Use append_card() to add:\n  * [ ] Sprint/Release is identified above.\n\nMissing checkbox #2:\n  Expected text: Primary feature work that generated this cleanup is documented.\n  Expected location: Under '## Cleanup Scope & Context' section\n\n  FIX: Use append_card() to add:\n  * [ ] Primary feature work that generated this cleanup is documented.\n\nMissing checkbox #3:\n  Expected text: Reviewed commit messages for \"TODO\" and \"FIXME\" comments added during sprint.\n  Expected location: Under '## Deferred Work Review' section\n\n  FIX: Use append_card() to add:\n  * [ ] Reviewed commit messages for \"TODO\" and \"FIXME\" comments added during sprint.\n\nMissing checkbox #4:\n  Expected text: Reviewed PR comments for \"out of scope\" or \"follow-up needed\" discussions.\n  Expected location: Under '## Deferred Work Review' section\n\n  FIX: Use append_card() to add:\n  * [ ] Reviewed PR comments for \"out of scope\" or \"follow-up needed\" discussions.\n\nMissing checkbox #5:\n  Expected text: Reviewed code for new TODO/FIXME markers (grep for them).\n  Expected location: Under '## Deferred Work Review' section\n\n  FIX: Use append_card() to add:\n  * [ ] Reviewed code for new TODO/FIXME markers (grep for them).\n\nMissing checkbox #6:\n  Expected text: Checked team chat/standup notes for deferred items.\n  Expected location: Under '## Deferred Work Review' section\n\n  FIX: Use append_card() to add:\n  * [ ] Checked team chat/standup notes for deferred items.\n\nMissing checkbox #7:\n  Expected text: All P0 items are complete and verified.\n  Expected location: Under '## # Completion Checklist' section\n\n  FIX: Use append_card() to add:\n  * [ ] All P0 items are complete and verified.\n\nMissing checkbox #8:\n  Expected text: All P1 items are complete or have follow-up tickets created.\n  Expected location: Under '## # Completion Checklist' section\n\n  FIX: Use append_card() to add:\n  * [ ] All P1 items are complete or have follow-up tickets created.\n\nMissing checkbox #9:\n  Expected text: P2 items are complete or explicitly deferred with tickets.\n  Expected location: Under '## # Completion Checklist' section\n\n  FIX: Use append_card() to add:\n  * [ ] P2 items are complete or explicitly deferred with tickets.\n\nMissing checkbox #10:\n  Expected text: All tests are passing (unit, integration, and regression).\n  Expected location: Under '## # Completion Checklist' section\n\n  FIX: Use append_card() to add:\n  * [ ] All tests are passing (unit, integration, and regression).\n\nMissing checkbox #11:\n  Expected text: No new linter warnings or errors introduced.\n  Expected location: Under '## # Completion Checklist' section\n\n  FIX: Use append_card() to add:\n  * [ ] No new linter warnings or errors introduced.\n\nMissing checkbox #12:\n  Expected text: All documentation updates are complete and reviewed.\n  Expected location: Under '## # Completion Checklist' section\n\n  FIX: Use append_card() to add:\n  * [ ] All documentation updates are complete and reviewed.\n\nMissing checkbox #13:\n  Expected text: Code changes (if any) are reviewed and merged.\n  Expected location: Under '## # Completion Checklist' section\n\n  FIX: Use append_card() to add:\n  * [ ] Code changes (if any) are reviewed and merged.\n\nMissing checkbox #14:\n  Expected text: Follow-up tickets are created and prioritized for next sprint.\n  Expected location: Under '## # Completion Checklist' section\n\n  FIX: Use append_card() to add:\n  * [ ] Follow-up tickets are created and prioritized for next sprint.\n\nMissing checkbox #15:\n  Expected text: Team retrospective includes discussion of cleanup backlog (if significant).\n  Expected location: Under '## # Completion Checklist' section\n\n  FIX: Use append_card() to add:\n  * [ ] Team retrospective includes discussion of cleanup backlog (if significant).\n\n======================================================================\n\n=== MISSING SECTIONS (0) ===\nAll required sections present \n\n======================================================================\n\n=== MISSING TABLES (3) ===\n\nMissing table #1:\n  Expected headers: Cleanup Category|Specific Item / Location|Priority|Justification for Cleanup\n\nMissing table #2:\n  Expected headers: Verification Task|Status / Evidence\n\nMissing table #3:\n  Expected headers: Topic|Status / Action Required\n\n======================================================================\n\nACTION REQUIRED:\n1. Read current content: read_card('yfsfs9')\n2. Add missing checkboxes:\n   append_card('yfsfs9', '* [ ] Sprint/Release is identified above.', heading='Cleanup Scope & Context')\n   append_card('yfsfs9', '* [ ] Primary feature work that generated this cleanup is documented.', heading='Cleanup Scope & Context')\n   append_card('yfsfs9', '* [ ] Reviewed commit messages for \"TODO\" and \"FIXME\" comments added during sprint.', heading='Deferred Work Review')\n   ... and 12 more\n4. Retry promotion: move_to_todo('yfsfs9')\n",
  "next_steps": [
    "1. Read validation errors above",
    "2. Read current content: read_card('yfsfs9')",
    "3. Fix content using suggested commands",
    "4. Retry promotion: move_to_todo('yfsfs9')"
  ]
}